<?xml version="1.0" encoding="UTF-8"?>
<robot generator="Robot 6.0.2 (Python 3.8.0 on win32)" generated="20230523 20:35:49.403" rpa="false" schemaversion="3">
<suite id="s1" name="Social Sports Automation Web Test" source="D:\social_sports_automation_web_test">
<suite id="s1-s1" name="Tests" source="D:\social_sports_automation_web_test\tests">
<suite id="s1-s1-s1" name="LoginSocialSportsTests" source="D:\social_sports_automation_web_test\tests\LoginSocialSportsTests.robot">
<test id="s1-s1-s1-t1" name="Validar Login com Sucesso" line="7">
<kw name="Open Browser" library="Browser">
<arg>https://social-sport-lessor.web.app/auth</arg>
<arg>chromium</arg>
<arg>headless=False</arg>
<tag>BrowserControl</tag>
<tag>Setter</tag>
<doc>Opens a new browser instance. Use this keyword for quick experiments or debugging sessions.</doc>
<msg timestamp="20230523 20:35:51.514" level="WARN">Open Browser is for quick experimentation and debugging only. Use New Page for production.</msg>
<msg timestamp="20230523 20:35:51.517" level="INFO">{"browser": "chromium", "headless": false, "devtools": false, "handleSIGHUP": true, "handleSIGINT": true, "handleSIGTERM": true, "slowMo": 0.0, "timeout": 30000.0, "deprecated_pos_args": [], "tracesDir": "D:\\social_sports_automation_web_test\\results\\browser\\traces\\e4635209-adf1-4687-b790-8d05a287246d"}</msg>
<msg timestamp="20230523 20:35:51.807" level="INFO">Successfully created browser with options: {"browser":"chromium","headless":false,"devtools":false,"handleSIGHUP":true,"handleSIGINT":true,"handleSIGTERM":true,"slowMo":0,"timeout":30000,"deprecated_pos_args":[],"tracesDir":"D:\\social_sports_automation_web_test\\results\\browser\\traces\\e4635209-adf1-4687-b790-8d05a287246d"}</msg>
<msg timestamp="20230523 20:35:51.807" level="INFO">{
  "acceptDownloads": true,
  "bypassCSP": true,
  "forcedColors": "none",
  "hideRfBrowser": false,
  "ignoreHTTPSErrors": false,
  "javaScriptEnabled": true,
  "offline": false,
  "reducedMotion": "no-preference",
  "viewport": {
    "width": 1280,
    "height": 720
  },
  "deprecated_pos_args": []
}</msg>
<msg timestamp="20230523 20:35:51.827" level="INFO">Successfully created context. </msg>
<msg timestamp="20230523 20:35:51.827" level="INFO">{'acceptDownloads': True, 'bypassCSP': True, 'forcedColors': 'none', 'hideRfBrowser': False, 'ignoreHTTPSErrors': False, 'javaScriptEnabled': True, 'offline': False, 'reducedMotion': 'no-preference', 'viewport': {'width': 1280, 'height': 720}, 'deprecated_pos_args': []}</msg>
<msg timestamp="20230523 20:35:52.885" level="INFO">Successfully initialized new page object and opened url: https://social-sport-lessor.web.app/auth</msg>
<status status="PASS" starttime="20230523 20:35:51.513" endtime="20230523 20:35:52.886"/>
</kw>
<kw name="Fill Text" library="Browser">
<arg>xpath=//input[@name='ion-input-0']</arg>
<arg>testew2</arg>
<tag>PageContent</tag>
<tag>Setter</tag>
<doc>Clears and fills the given ``txt`` into the text field found by ``selector``.</doc>
<msg timestamp="20230523 20:35:52.887" level="INFO">Fills the text 'testew2' in the given field.</msg>
<status status="PASS" starttime="20230523 20:35:52.887" endtime="20230523 20:35:52.937"/>
</kw>
<kw name="Fill Text" library="Browser">
<arg>xpath=//input[@name='ion-input-1']</arg>
<arg>876958</arg>
<tag>PageContent</tag>
<tag>Setter</tag>
<doc>Clears and fills the given ``txt`` into the text field found by ``selector``.</doc>
<msg timestamp="20230523 20:35:52.938" level="INFO">Fills the text '876958' in the given field.</msg>
<status status="PASS" starttime="20230523 20:35:52.937" endtime="20230523 20:35:52.955"/>
</kw>
<kw name="Click" library="Browser">
<arg>xpath=//ion-button[@type='submit']</arg>
<tag>PageContent</tag>
<tag>Setter</tag>
<doc>Simulates mouse click on the element found by ``selector``.</doc>
<status status="PASS" starttime="20230523 20:35:52.956" endtime="20230523 20:35:53.083"/>
</kw>
<kw name="Get Title" library="Browser">
<arg>==</arg>
<arg>Gestor - Centro Esportivo</arg>
<tag>Assertion</tag>
<tag>Getter</tag>
<tag>PageContent</tag>
<doc>Returns the title of the current page.</doc>
<msg timestamp="20230523 20:35:53.091" level="INFO">Title: 'Gestor - Centro Esportivo'</msg>
<status status="PASS" starttime="20230523 20:35:53.084" endtime="20230523 20:35:53.092"/>
</kw>
<status status="PASS" starttime="20230523 20:35:51.509" endtime="20230523 20:35:53.093"/>
</test>
<status status="PASS" starttime="20230523 20:35:49.438" endtime="20230523 20:35:53.168"/>
</suite>
<status status="PASS" starttime="20230523 20:35:49.434" endtime="20230523 20:35:53.176"/>
</suite>
<status status="PASS" starttime="20230523 20:35:49.406" endtime="20230523 20:35:53.178"/>
</suite>
<statistics>
<total>
<stat pass="1" fail="0" skip="0">All Tests</stat>
</total>
<tag>
</tag>
<suite>
<stat pass="1" fail="0" skip="0" id="s1" name="Social Sports Automation Web Test">Social Sports Automation Web Test</stat>
<stat pass="1" fail="0" skip="0" id="s1-s1" name="Tests">Social Sports Automation Web Test.Tests</stat>
<stat pass="1" fail="0" skip="0" id="s1-s1-s1" name="LoginSocialSportsTests">Social Sports Automation Web Test.Tests.LoginSocialSportsTests</stat>
</suite>
</statistics>
<errors>
<msg timestamp="20230523 20:35:51.514" level="WARN">Open Browser is for quick experimentation and debugging only. Use New Page for production.</msg>
</errors>
</robot>
